.......F................................................................ [ 27%]
........................................................................ [ 55%]
................................................F......F.......F..F.F... [ 82%]
.............................................                            [100%]
=================================== FAILURES ===================================
_____________ test_qa_primary_vision_model_fails_fallback_is_tried _____________

monkeypatch = <_pytest.monkeypatch.MonkeyPatch object at 0x7f07e0907f50>

    def test_qa_primary_vision_model_fails_fallback_is_tried(monkeypatch):
        import asyncio
    
        async def run():
            import app.services.generated_image_qa_service as svc
    
            class S:
                venice_api_key='x'
                vision_model='primary-vl'
                vision_fallback_model='fallback-vl'
    
            calls=[]
            monkeypatch.setattr(svc, 'get_settings', lambda: S())
    
            async def fake_analyze(image_bytes, *, prompt=None, model=None):
                calls.append(model)
                if model == 'primary-vl':
                    raise RuntimeError('boom')
                return {'person_count':1,'face_count':1,'confidence':'high'}
    
            monkeypatch.setattr(svc, 'analyze_image_bytes_with_venice', fake_analyze)
            result=await svc.evaluate_single_subject_image(b'img', selfie_allowed=False, mirror_allowed=False)
            assert result.passed and result.model == 'fallback-vl'
            assert calls == ['primary-vl','fallback-vl']
    
>       asyncio.run(run())

tests/test_generated_image_qa_service.py:70: 
_ _ _ _ _ _ _ _ _ _ _ _ _ _ _ _ _ _ _ _ _ _ _ _ _ _ _ _ _ _ _ _ _ _ _ _ _ _ _ _ 
/opt/hostedtoolcache/Python/3.11.15/x64/lib/python3.11/asyncio/runners.py:190: in run
    return runner.run(main)
           ^^^^^^^^^^^^^^^^
/opt/hostedtoolcache/Python/3.11.15/x64/lib/python3.11/asyncio/runners.py:118: in run
    return self._loop.run_until_complete(task)
           ^^^^^^^^^^^^^^^^^^^^^^^^^^^^^^^^^^^
/opt/hostedtoolcache/Python/3.11.15/x64/lib/python3.11/asyncio/base_events.py:654: in run_until_complete
    return future.result()
           ^^^^^^^^^^^^^^^
_ _ _ _ _ _ _ _ _ _ _ _ _ _ _ _ _ _ _ _ _ _ _ _ _ _ _ _ _ _ _ _ _ _ _ _ _ _ _ _ 

    async def run():
        import app.services.generated_image_qa_service as svc
    
        class S:
            venice_api_key='x'
            vision_model='primary-vl'
            vision_fallback_model='fallback-vl'
    
        calls=[]
        monkeypatch.setattr(svc, 'get_settings', lambda: S())
    
        async def fake_analyze(image_bytes, *, prompt=None, model=None):
            calls.append(model)
            if model == 'primary-vl':
                raise RuntimeError('boom')
            return {'person_count':1,'face_count':1,'confidence':'high'}
    
        monkeypatch.setattr(svc, 'analyze_image_bytes_with_venice', fake_analyze)
        result=await svc.evaluate_single_subject_image(b'img', selfie_allowed=False, mirror_allowed=False)
>       assert result.passed and result.model == 'fallback-vl'
E       assert (False)
E        +  where False = GeneratedImageQAResult(passed=False, person_count=None, face_count=None, second_person_visible=False, duplicate_subjec...None, selfie_lens_perspective_plausible=None, third_person_viewpoint_detected=False, visible_held_phone_detected=False).passed

tests/test_generated_image_qa_service.py:67: AssertionError
------------------------------ Captured log call -------------------------------
WARNING  app.services.generated_image_qa_service:generated_image_qa_service.py:344 IMAGE_GENERATED_QA_ATTEMPT_FAILED qa_model=primary-vl phase=primary error_type=RuntimeError artifact_checksum_prefix=b29814cf5792
_________ test_non_adult_clothed_request_forbids_shirtless_regression __________

    def test_non_adult_clothed_request_forbids_shirtless_regression():
        _, plan, compiled = _plan('عکس بده با کت شلوار مشکی')
        assert plan.current_intent['content_classification'] == v2.ContentClassification.NORMAL
>       assert 'shirtless' in compiled.negative_prompt
E       AssertionError: assert 'shirtless' in 'duplicate person, two people, second person, companion, photographer, camera operator, person in background, backgrou...e frame, external photographer viewpoint, third-person overhead view, camera above the subject, detached selfie camera'
E        +  where 'duplicate person, two people, second person, companion, photographer, camera operator, person in background, backgrou...e frame, external photographer viewpoint, third-person overhead view, camera above the subject, detached selfie camera' = CompiledImagePrompt(positive_prompt='Exactly one person, no duplicate subject, no collage. Create a realistic image of...ctional adults'], 'provider_constraints': ['exact subject count']}}, 'camera_mode': 'casual_selfie', 'lighting': None}).negative_prompt

tests/test_image_state_machine_identity_context.py:80: AssertionError
_________ test_wardrobe_request_requires_visible_non_headshot_framing __________

    def test_wardrobe_request_requires_visible_non_headshot_framing():
        plan=_plan('اون کت شلوار آبی مشکیش رو هم میخوام ببینم')
        assert plan.visual_requirements.wardrobe_requested is True
        assert plan.visual_requirements.wardrobe_visibility_required is True
        assert plan.composition['framing'] in {'upper_body_or_three_quarter','full_body'}
        prompt=v2.compile_image_prompt(plan).positive_prompt
        assert 'Requested wardrobe must be clearly visible' in prompt
>       assert 'Do not use a tight face-only portrait' in prompt
E       AssertionError: assert 'Do not use a tight face-only portrait' in 'Exactly one person, no duplicate subject, no collage. Create a realistic image of exactly one fictional adult person ...omposition. Avoid generic AI portrait defaults, plastic skin, studio catalogue posing, and impossible camera geometry.'

tests/test_image_visual_requirements.py:30: AssertionError
________ test_no_closeup_bias_unless_requested_and_selfie_allows_close _________

    def test_no_closeup_bias_unless_requested_and_selfie_allows_close():
        assert _plan('یه عکس بده').visual_requirements.framing_requirement != 'closeup_allowed'
>       assert _plan('یه سلفی بده').visual_requirements.framing_requirement == 'closeup_allowed'
E       AssertionError: assert 'selfie' == 'closeup_allowed'
E         
E         - closeup_allowed
E         + selfie

tests/test_image_visual_requirements.py:80: AssertionError
___________ test_semantic_full_body_trace_prompt_and_qa_enforcement ____________

    def test_semantic_full_body_trace_prompt_and_qa_enforcement():
        intent=v2.parse_image_intent(v2.normalize_request_v2('یه عکس بده'))
        intent.is_image_request=True
        intent.composition.framing='full_body'
        intent.body_visibility.regions.setdefault('full_body', v2.BodyRegionIntent(mentioned=True, visibility_requested=True, framing_requested=True, explicit_current_request=True))
        plan=v2.construct_resolved_plan(intent, v2.merge_image_intent(intent), v2.SafetyDecision(), v2.ReadOnlyProfileAdapter(base_seed=1234), message_id=7, user_request='یه عکس بده قدی ببینمت')
        compiled=v2.compile_image_prompt(plan)
        assert plan.visual_requirements.framing_requirement == 'full_body'
        assert plan.visual_requirements.full_body_visible is True
        assert plan.visual_requirements.head_visible is True
        assert plan.visual_requirements.feet_visible is True
        assert 'complete full figure visible from head to feet' in compiled.positive_prompt
>       assert 'tight headshot' in compiled.negative_prompt
E       AssertionError: assert 'tight headshot' in 'duplicate person, two people, second person, companion, photographer, camera operator, person in background, backgrou...e frame, external photographer viewpoint, third-person overhead view, camera above the subject, detached selfie camera'
E        +  where 'duplicate person, two people, second person, companion, photographer, camera operator, person in background, backgrou...e frame, external photographer viewpoint, third-person overhead view, camera above the subject, detached selfie camera' = CompiledImagePrompt(positive_prompt='Exactly one person, no duplicate subject, no collage. Create a realistic image of...ctional adults'], 'provider_constraints': ['exact subject count']}}, 'camera_mode': 'casual_selfie', 'lighting': None}).negative_prompt

tests/test_image_visual_requirements.py:106: AssertionError
____________ test_job_97_mocked_headshot_fails_and_full_body_passes ____________

    def test_job_97_mocked_headshot_fails_and_full_body_passes():
        vr = v2.asdict(_plan('یه عکس بده قدی ببینمت').visual_requirements)
        headshot = evaluate_generated_image_composition_payload({'person_count':1,'face_count':1,'framing':'tight_headshot','framing_matches_request':False,'head_inside_frame':True,'feet_inside_frame':False,'body_not_cropped':False,'confidence':'high'}, expected_subject_count=1, visual_requirements=vr)
        assert not headshot.passed
        assert {'framing_mismatch','closeup_forbidden','missing_feet','cropped_body'} <= set(headshot.reason_codes)
        valid = evaluate_generated_image_composition_payload({'person_count':1,'face_count':1,'framing':'full_body','framing_matches_request':True,'head_inside_frame':True,'feet_inside_frame':True,'body_not_cropped':True,'confidence':'high'}, expected_subject_count=1, visual_requirements=vr)
>       assert valid.passed
E       assert False
E        +  where False = GeneratedImageQAResult(passed=False, person_count=1, face_count=1, second_person_visible=False, duplicate_subject_visi...None, selfie_lens_perspective_plausible=None, third_person_viewpoint_detected=False, visible_held_phone_detected=False).passed

tests/test_image_visual_requirements.py:141: AssertionError
=============================== warnings summary ===============================
tests/test_image_generation_billing.py::test_duplicate_telegram_update_one_job_and_reservation
  /home/runner/work/Moones/Moones/app/services/image_generation_service.py:468: SAWarning: Identity map already had an identity for (<class 'app.models.image_generation.ImageGenerationJob'>, (1,), None), replacing it with newly flushed object.   Are there load operations occurring inside of an event handler within the flush?
    db.add(job); db.flush(); return job

-- Docs: https://docs.pytest.org/en/stable/how-to/capture-warnings.html
=========================== short test summary info ============================
FAILED tests/test_generated_image_qa_service.py::test_qa_primary_vision_model_fails_fallback_is_tried - assert (False)
 +  where False = GeneratedImageQAResult(passed=False, person_count=None, face_count=None, second_person_visible=False, duplicate_subjec...None, selfie_lens_perspective_plausible=None, third_person_viewpoint_detected=False, visible_held_phone_detected=False).passed
FAILED tests/test_image_state_machine_identity_context.py::test_non_adult_clothed_request_forbids_shirtless_regression - AssertionError: assert 'shirtless' in 'duplicate person, two people, second person, companion, photographer, camera operator, person in background, backgrou...e frame, external photographer viewpoint, third-person overhead view, camera above the subject, detached selfie camera'
 +  where 'duplicate person, two people, second person, companion, photographer, camera operator, person in background, backgrou...e frame, external photographer viewpoint, third-person overhead view, camera above the subject, detached selfie camera' = CompiledImagePrompt(positive_prompt='Exactly one person, no duplicate subject, no collage. Create a realistic image of...ctional adults'], 'provider_constraints': ['exact subject count']}}, 'camera_mode': 'casual_selfie', 'lighting': None}).negative_prompt
FAILED tests/test_image_visual_requirements.py::test_wardrobe_request_requires_visible_non_headshot_framing - AssertionError: assert 'Do not use a tight face-only portrait' in 'Exactly one person, no duplicate subject, no collage. Create a realistic image of exactly one fictional adult person ...omposition. Avoid generic AI portrait defaults, plastic skin, studio catalogue posing, and impossible camera geometry.'
FAILED tests/test_image_visual_requirements.py::test_no_closeup_bias_unless_requested_and_selfie_allows_close - AssertionError: assert 'selfie' == 'closeup_allowed'
  
  - closeup_allowed
  + selfie
FAILED tests/test_image_visual_requirements.py::test_semantic_full_body_trace_prompt_and_qa_enforcement - AssertionError: assert 'tight headshot' in 'duplicate person, two people, second person, companion, photographer, camera operator, person in background, backgrou...e frame, external photographer viewpoint, third-person overhead view, camera above the subject, detached selfie camera'
 +  where 'duplicate person, two people, second person, companion, photographer, camera operator, person in background, backgrou...e frame, external photographer viewpoint, third-person overhead view, camera above the subject, detached selfie camera' = CompiledImagePrompt(positive_prompt='Exactly one person, no duplicate subject, no collage. Create a realistic image of...ctional adults'], 'provider_constraints': ['exact subject count']}}, 'camera_mode': 'casual_selfie', 'lighting': None}).negative_prompt
FAILED tests/test_image_visual_requirements.py::test_job_97_mocked_headshot_fails_and_full_body_passes - assert False
 +  where False = GeneratedImageQAResult(passed=False, person_count=1, face_count=1, second_person_visible=False, duplicate_subject_visi...None, selfie_lens_perspective_plausible=None, third_person_viewpoint_detected=False, visible_held_phone_detected=False).passed
6 failed, 255 passed, 1 warning in 11.03s
BASELINE_EXIT_CODE=1
